<?xml version="1.0" encoding="UTF-8"?>
<!-- Generated by org.testng.reporters.JUnitReportReporter -->
<testsuite hostname="DESKTOP-7Q4VV79" failures="0" tests="1" name="DataStructure.RegistrationPwInvalid" time="4.087" errors="0" timestamp="29 Nov 2021 18:12:51 GMT" skipped="0">
  <testcase classname="DataStructure.RegistrationPwInvalid" name="f" time="4.087"/>
</testsuite> <!-- DataStructure.RegistrationPwInvalid -->
