<?xml version="1.0" encoding="UTF-8"?>
<!-- Generated by org.testng.reporters.JUnitReportReporter -->
<testsuite hostname="DESKTOP-7Q4VV79" failures="0" tests="2" name="DataStructure.UserLoginValidInvalid" time="17.833" errors="0" timestamp="04 Dec 2021 00:10:05 GMT" skipped="0">
  <testcase classname="DataStructure.UserLoginValidInvalid" name="Positive" time="9.470"/>
  <testcase classname="DataStructure.UserLoginValidInvalid" name="Negative" time="8.363"/>
</testsuite> <!-- DataStructure.UserLoginValidInvalid -->
