<?xml version="1.0" encoding="UTF-8"?>
<!-- Generated by org.testng.reporters.JUnitReportReporter -->
<testsuite hostname="DESKTOP-7Q4VV79" failures="0" tests="1" name="SeleniumBasics.DropDownMenu" time="13.609" errors="0" timestamp="09 Feb 2022 23:29:19 GMT" skipped="0">
  <testcase classname="SeleniumBasics.DropDownMenu" name="SelectDropdownExample" time="13.609"/>
</testsuite> <!-- SeleniumBasics.DropDownMenu -->
