<?xml version="1.0" encoding="UTF-8"?>
<!-- Generated by org.testng.reporters.JUnitReportReporter -->
<testsuite hostname="DESKTOP-7Q4VV79" failures="0" tests="1" name="DataStructure.DataScChrome1" time="0.133" errors="0" timestamp="24 Nov 2021 22:03:39 GMT" skipped="0">
  <testcase classname="DataStructure.DataScChrome1" name="Launch" time="0.133"/>
</testsuite> <!-- DataStructure.DataScChrome1 -->
