<?xml version="1.0" encoding="UTF-8"?>
<!-- Generated by org.testng.reporters.JUnitReportReporter -->
<testsuite hostname="DESKTOP-7Q4VV79" failures="0" tests="1" name="DataStructure.Assignment4TC2" time="45.178" errors="0" timestamp="11 Dec 2021 22:12:29 GMT" skipped="0">
  <testcase classname="DataStructure.Assignment4TC2" name="f" time="45.178"/>
</testsuite> <!-- DataStructure.Assignment4TC2 -->
