<?xml version="1.0" encoding="UTF-8"?>
<!-- Generated by org.testng.reporters.JUnitReportReporter -->
<testsuite hostname="DESKTOP-7Q4VV79" failures="0" tests="1" name="SeleniumBasics.AlertExercises" time="9.299" errors="0" timestamp="12 Dec 2021 01:18:46 GMT" skipped="0">
  <testcase classname="SeleniumBasics.AlertExercises" name="AlertsexercisewithDismiss" time="9.299"/>
</testsuite> <!-- SeleniumBasics.AlertExercises -->
