<?xml version="1.0" encoding="UTF-8"?>
<!-- Generated by org.testng.reporters.JUnitReportReporter -->
<testsuite hostname="DESKTOP-7Q4VV79" failures="0" tests="1" name="GoDaddy.PrintT" time="0.127" errors="0" timestamp="25 Nov 2021 01:54:29 GMT" skipped="0">
  <testcase classname="GoDaddy.PrintT" name="Page" time="0.127"/>
</testsuite> <!-- GoDaddy.PrintT -->
