<?xml version="1.0" encoding="UTF-8"?>
<!-- Generated by org.testng.reporters.JUnitReportReporter -->
<testsuite hostname="DESKTOP-7Q4VV79" failures="0" tests="1" name="TestNGDemo.EdItBox" time="15.813" errors="0" timestamp="03 Dec 2021 21:31:07 GMT" skipped="0">
  <testcase classname="TestNGDemo.EdItBox" name="WebElementLogin" time="15.813"/>
</testsuite> <!-- TestNGDemo.EdItBox -->
