<?xml version="1.0" encoding="UTF-8"?>
<!-- Generated by org.testng.reporters.JUnitReportReporter -->
<testsuite hostname="DESKTOP-7Q4VV79" failures="0" tests="1" name="DataStructure.Assignment3TC2" time="9.838" errors="0" timestamp="09 Dec 2021 00:33:32 GMT" skipped="0">
  <testcase classname="DataStructure.Assignment3TC2" name="f" time="9.838"/>
</testsuite> <!-- DataStructure.Assignment3TC2 -->
