<?xml version="1.0" encoding="UTF-8"?>
<!-- Generated by org.testng.reporters.JUnitReportReporter -->
<testsuite hostname="DESKTOP-7Q4VV79" failures="0" tests="1" name="TestNGDemo.DataScChrome1" time="0.444" errors="0" timestamp="17 Nov 2021 01:29:28 GMT" skipped="0">
  <testcase classname="TestNGDemo.DataScChrome1" name="Launch" time="0.444"/>
</testsuite> <!-- TestNGDemo.DataScChrome1 -->
