<?xml version="1.0" encoding="UTF-8"?>
<!-- Generated by org.testng.reporters.JUnitReportReporter -->
<testsuite hostname="DESKTOP-7Q4VV79" failures="0" tests="1" name="DataStructure.Assignment3part1" time="2.500" errors="0" timestamp="03 Dec 2021 23:52:37 GMT" skipped="0">
  <testcase classname="DataStructure.Assignment3part1" name="HyperLink" time="2.500"/>
</testsuite> <!-- DataStructure.Assignment3part1 -->
