<?xml version="1.0" encoding="UTF-8"?>
<!-- Generated by org.testng.reporters.JUnitReportReporter -->
<testsuite hostname="DESKTOP-7Q4VV79" failures="0" tests="1" name="TestNGDemo.BrowserNavigation" time="0.964" errors="0" timestamp="09 Feb 2022 22:16:37 GMT" skipped="0">
  <testcase classname="TestNGDemo.BrowserNavigation" name="BrowserNav" time="0.964"/>
</testsuite> <!-- TestNGDemo.BrowserNavigation -->
