<?xml version="1.0" encoding="UTF-8"?>
<!-- Generated by org.testng.reporters.JUnitReportReporter -->
<testsuite hostname="DESKTOP-7Q4VV79" failures="0" tests="1" name="DataStructure.Assignment4TC1" time="26.712" errors="0" timestamp="11 Dec 2021 16:06:25 GMT" skipped="0">
  <testcase classname="DataStructure.Assignment4TC1" name="f" time="26.712"/>
</testsuite> <!-- DataStructure.Assignment4TC1 -->
