<?xml version="1.0" encoding="UTF-8"?>
<!-- Generated by org.testng.reporters.JUnitReportReporter -->
<testsuite hostname="DESKTOP-7Q4VV79" failures="0" tests="1" name="SeleniumBasics.FirstTestNG" time="0.004" errors="0" timestamp="17 Nov 2021 02:54:02 GMT" skipped="0">
  <testcase classname="SeleniumBasics.FirstTestNG" name="welcome" time="0.004"/>
</testsuite> <!-- SeleniumBasics.FirstTestNG -->
