<?xml version="1.0" encoding="UTF-8"?>
<!-- Generated by org.testng.reporters.JUnitReportReporter -->
<testsuite hostname="DESKTOP-7Q4VV79" failures="0" tests="1" name="SeleniumBasics.MouseOperations" time="5.386" errors="0" timestamp="12 Dec 2021 00:58:24 GMT" skipped="0">
  <testcase classname="SeleniumBasics.MouseOperations" name="dragdropoperation" time="5.386"/>
</testsuite> <!-- SeleniumBasics.MouseOperations -->
