<?xml version="1.0" encoding="UTF-8"?>
<!-- Generated by org.testng.reporters.JUnitReportReporter -->
<testsuite hostname="DESKTOP-7Q4VV79" failures="0" tests="1" name="DataStructure.UsLoginInvalidUn" time="5.031" errors="0" timestamp="29 Nov 2021 18:25:49 GMT" skipped="0">
  <testcase classname="DataStructure.UsLoginInvalidUn" name="f" time="5.031"/>
</testsuite> <!-- DataStructure.UsLoginInvalidUn -->
