<?xml version="1.0" encoding="UTF-8"?>
<!-- Generated by org.testng.reporters.JUnitReportReporter -->
<testsuite hostname="DESKTOP-7Q4VV79" failures="0" tests="1" name="SeleniumBasics.RadioButton" time="0.199" errors="0" timestamp="11 Dec 2021 02:03:03 GMT" skipped="0">
  <testcase classname="SeleniumBasics.RadioButton" name="f" time="0.199"/>
</testsuite> <!-- SeleniumBasics.RadioButton -->
