<?xml version="1.0" encoding="UTF-8"?>
<!-- Generated by org.testng.reporters.JUnitReportReporter -->
<testsuite hostname="DESKTOP-7Q4VV79" failures="0" tests="1" name="DataStructure.ValidUserRegistration" time="4.306" errors="0" timestamp="29 Nov 2021 17:40:22 GMT" skipped="0">
  <testcase classname="DataStructure.ValidUserRegistration" name="f" time="4.306"/>
</testsuite> <!-- DataStructure.ValidUserRegistration -->
