<?xml version="1.0" encoding="UTF-8"?>
<!-- Generated by org.testng.reporters.JUnitReportReporter -->
<testsuite hostname="DESKTOP-7Q4VV79" failures="0" tests="1" name="TestNGDemo.DataScFfox" time="0.286" errors="0" timestamp="17 Nov 2021 01:21:36 GMT" skipped="0">
  <testcase classname="TestNGDemo.DataScFfox" name="LaunchFF" time="0.286"/>
</testsuite> <!-- TestNGDemo.DataScFfox -->
