<?xml version="1.0" encoding="UTF-8"?>
<!-- Generated by org.testng.reporters.JUnitReportReporter -->
<testsuite hostname="DESKTOP-7Q4VV79" failures="0" tests="1" name="DataStructure.Assignment5TC2" time="36.064" errors="0" timestamp="22 Dec 2021 15:44:04 GMT" skipped="0">
  <testcase classname="DataStructure.Assignment5TC2" name="f" time="36.064"/>
</testsuite> <!-- DataStructure.Assignment5TC2 -->
