<?xml version="1.0" encoding="UTF-8"?>
<!-- Generated by org.testng.reporters.JUnitReportReporter -->
<testsuite hostname="DESKTOP-7Q4VV79" failures="0" tests="1" name="DataStructure.InvalidUserRegistration" time="4.112" errors="0" timestamp="29 Nov 2021 17:35:07 GMT" skipped="0">
  <testcase classname="DataStructure.InvalidUserRegistration" name="f" time="4.112"/>
</testsuite> <!-- DataStructure.InvalidUserRegistration -->
