<?xml version="1.0" encoding="UTF-8"?>
<!-- Generated by org.testng.reporters.JUnitReportReporter -->
<testsuite hostname="DESKTOP-7Q4VV79" failures="0" tests="1" name="SeleniumBasics.IFrame" time="10.395" errors="0" timestamp="12 Dec 2021 01:18:12 GMT" skipped="0">
  <testcase classname="SeleniumBasics.IFrame" name="IframeOperation" time="10.395"/>
</testsuite> <!-- SeleniumBasics.IFrame -->
