<?xml version="1.0" encoding="UTF-8"?>
<!-- Generated by org.testng.reporters.JUnitReportReporter -->
<testsuite hostname="DESKTOP-7Q4VV79" failures="0" tests="1" name="TestNGDemo.AmazonHyperLinks" time="11.288" errors="0" timestamp="10 Feb 2022 04:13:43 GMT" skipped="0">
  <testcase classname="TestNGDemo.AmazonHyperLinks" name="HyperLinkSelection" time="11.288"/>
</testsuite> <!-- TestNGDemo.AmazonHyperLinks -->
