<?xml version="1.0" encoding="UTF-8"?>
<!-- Generated by org.testng.reporters.JUnitReportReporter -->
<testsuite hostname="DESKTOP-7Q4VV79" failures="0" tests="1" name="GoDaddy.Url" time="3.212" errors="0" timestamp="17 Nov 2021 19:26:43 GMT" skipped="0">
  <testcase classname="GoDaddy.Url" name="launch" time="3.212"/>
</testsuite> <!-- GoDaddy.Url -->
