<?xml version="1.0" encoding="UTF-8"?>
<!-- Generated by org.testng.reporters.JUnitReportReporter -->
<testsuite hostname="DESKTOP-7Q4VV79" failures="0" tests="1" name="TestNGDemo.DataS" time="0.736" errors="0" timestamp="16 Nov 2021 23:59:12 GMT" skipped="0">
  <testcase classname="TestNGDemo.DataS" name="Launch" time="0.736"/>
</testsuite> <!-- TestNGDemo.DataS -->
