<?xml version="1.0" encoding="UTF-8"?>
<!-- Generated by org.testng.reporters.JUnitReportReporter -->
<testsuite hostname="DESKTOP-7Q4VV79" failures="0" tests="1" name="DataStructure.UsLoginInvalidPw" time="5.159" errors="0" timestamp="29 Nov 2021 18:34:43 GMT" skipped="0">
  <testcase classname="DataStructure.UsLoginInvalidPw" name="invalid" time="5.159"/>
</testsuite> <!-- DataStructure.UsLoginInvalidPw -->
