<?xml version="1.0" encoding="UTF-8"?>
<!-- Generated by org.testng.reporters.JUnitReportReporter -->
<testsuite hostname="DESKTOP-7Q4VV79" failures="0" tests="1" name="TestNGDemo.HyperLinkCount" time="0.561" errors="0" timestamp="03 Dec 2021 02:08:55 GMT" skipped="0">
  <testcase classname="TestNGDemo.HyperLinkCount" name="f" time="0.561"/>
</testsuite> <!-- TestNGDemo.HyperLinkCount -->
