<?xml version="1.0" encoding="UTF-8"?>
<!-- Generated by org.testng.reporters.JUnitReportReporter -->
<testsuite hostname="DESKTOP-7Q4VV79" failures="0" tests="1" name="DataStructure.UserRegistration" time="4.498" errors="0" timestamp="25 Nov 2021 01:40:10 GMT" skipped="0">
  <testcase classname="DataStructure.UserRegistration" name="f" time="4.498"/>
</testsuite> <!-- DataStructure.UserRegistration -->
