<?xml version="1.0" encoding="UTF-8"?>
<!-- Generated by org.testng.reporters.JUnitReportReporter -->
<testsuite hostname="DESKTOP-7Q4VV79" failures="0" tests="1" name="DataStructure.Assignment3TC1" time="15.212" errors="0" timestamp="09 Feb 2022 22:28:30 GMT" skipped="0">
  <testcase classname="DataStructure.Assignment3TC1" name="selection" time="15.212"/>
</testsuite> <!-- DataStructure.Assignment3TC1 -->
