<?xml version="1.0" encoding="UTF-8"?>
<!-- Generated by org.testng.reporters.JUnitReportReporter -->
<testsuite hostname="DESKTOP-7Q4VV79" failures="0" tests="1" name="GoDaddy.PrintCU" time="0.236" errors="0" timestamp="17 Nov 2021 18:28:02 GMT" skipped="0">
  <testcase classname="GoDaddy.PrintCU" name="f" time="0.236"/>
</testsuite> <!-- GoDaddy.PrintCU -->
