<?xml version="1.0" encoding="UTF-8"?>
<!-- Generated by org.testng.reporters.JUnitReportReporter -->
<testsuite hostname="DESKTOP-7Q4VV79" failures="0" tests="1" name="TestNGDemo.DataScChrome" time="0.473" errors="0" timestamp="17 Nov 2021 00:41:49 GMT" skipped="0">
  <testcase classname="TestNGDemo.DataScChrome" name="Launch" time="0.473"/>
</testsuite> <!-- TestNGDemo.DataScChrome -->
