<?xml version="1.0" encoding="UTF-8"?>
<!-- Generated by org.testng.reporters.JUnitReportReporter -->
<testsuite hostname="DESKTOP-7Q4VV79" failures="0" tests="2" name="TestNGDemo.Exer2" time="0.010" errors="0" timestamp="15 Nov 2021 15:32:32 GMT" skipped="0">
  <testcase classname="TestNGDemo.Exer2" name="welcome" time="0.002"/>
  <testcase classname="TestNGDemo.Exer2" name="hello" time="0.008"/>
</testsuite> <!-- TestNGDemo.Exer2 -->
