<?xml version="1.0" encoding="UTF-8"?>
<!-- Generated by org.testng.reporters.JUnitReportReporter -->
<testsuite hostname="DESKTOP-7Q4VV79" failures="0" tests="1" name="DataStructure.RegistrationValid" time="4.509" errors="0" timestamp="09 Feb 2022 22:29:27 GMT" skipped="0">
  <testcase classname="DataStructure.RegistrationValid" name="f" time="4.509"/>
</testsuite> <!-- DataStructure.RegistrationValid -->
