<?xml version="1.0" encoding="UTF-8"?>
<!-- Generated by org.testng.reporters.JUnitReportReporter -->
<testsuite hostname="DESKTOP-7Q4VV79" failures="0" tests="1" name="DataStructure.Assignment3TC1FireFox" time="1.225" errors="0" timestamp="10 Dec 2021 00:41:49 GMT" skipped="0">
  <testcase classname="DataStructure.Assignment3TC1FireFox" name="selection" time="1.225"/>
</testsuite> <!-- DataStructure.Assignment3TC1FireFox -->
