<?xml version="1.0" encoding="UTF-8"?>
<!-- Generated by org.testng.reporters.JUnitReportReporter -->
<testsuite hostname="DESKTOP-7Q4VV79" failures="0" tests="1" name="SeleniumBasics.MouseHover" time="8.803" errors="0" timestamp="09 Feb 2022 23:57:32 GMT" skipped="0">
  <testcase classname="SeleniumBasics.MouseHover" name="MouseHoverOperation" time="8.803"/>
</testsuite> <!-- SeleniumBasics.MouseHover -->
