<?xml version="1.0" encoding="UTF-8"?>
<!-- Generated by org.testng.reporters.JUnitReportReporter -->
<testsuite hostname="DESKTOP-7Q4VV79" failures="0" tests="1" name="SeleniumBasics.CheckBox" time="3.262" errors="0" timestamp="08 Dec 2021 19:55:10 GMT" skipped="0">
  <testcase classname="SeleniumBasics.CheckBox" name="SpecificCheckBox" time="3.262"/>
</testsuite> <!-- SeleniumBasics.CheckBox -->
