<?xml version="1.0" encoding="UTF-8"?>
<!-- Generated by org.testng.reporters.JUnitReportReporter -->
<testsuite hostname="DESKTOP-7Q4VV79" failures="0" tests="1" name="DataStructure.Assignment5TC1" time="20.906" errors="0" timestamp="21 Dec 2021 23:58:07 GMT" skipped="0">
  <testcase classname="DataStructure.Assignment5TC1" name="f" time="20.906"/>
</testsuite> <!-- DataStructure.Assignment5TC1 -->
