<?xml version="1.0" encoding="UTF-8"?>
<!-- Generated by org.testng.reporters.JUnitReportReporter -->
<testsuite hostname="DESKTOP-7Q4VV79" failures="0" tests="1" name="TestNGDemo.FireFoxBrowser" time="0.135" errors="0" timestamp="09 Dec 2021 00:53:25 GMT" skipped="0">
  <testcase classname="TestNGDemo.FireFoxBrowser" name="Test" time="0.135"/>
</testsuite> <!-- TestNGDemo.FireFoxBrowser -->
