<?xml version="1.0" encoding="UTF-8"?>
<!-- Generated by org.testng.reporters.JUnitReportReporter -->
<testsuite hostname="DESKTOP-7Q4VV79" failures="0" tests="1" name="SeleniumBasics.ScreenShot" time="0.364" errors="0" timestamp="04 Dec 2021 02:51:36 GMT" skipped="0">
  <testcase classname="SeleniumBasics.ScreenShot" name="CaptureScreenshot" time="0.364"/>
</testsuite> <!-- SeleniumBasics.ScreenShot -->
