<?xml version="1.0" encoding="UTF-8"?>
<!-- Generated by org.testng.reporters.JUnitReportReporter -->
<testsuite hostname="DESKTOP-7Q4VV79" failures="0" tests="1" name="DataStructure.UserLoginInvalid" time="5.051" errors="0" timestamp="29 Nov 2021 15:17:44 GMT" skipped="0">
  <testcase classname="DataStructure.UserLoginInvalid" name="negative" time="5.051"/>
</testsuite> <!-- DataStructure.UserLoginInvalid -->
