<?xml version="1.0" encoding="UTF-8"?>
<!-- Generated by org.testng.reporters.JUnitReportReporter -->
<testsuite hostname="DESKTOP-7Q4VV79" failures="0" tests="1" name="DataStructure.UserLogin" time="6.078" errors="0" timestamp="27 Nov 2021 20:52:27 GMT" skipped="0">
  <testcase classname="DataStructure.UserLogin" name="Negative" time="6.078"/>
</testsuite> <!-- DataStructure.UserLogin -->
