<?xml version="1.0" encoding="UTF-8"?>
<!-- Generated by org.testng.reporters.JUnitReportReporter -->
<testsuite hostname="DESKTOP-7Q4VV79" failures="0" tests="1" name="SeleniumBasics.Webelement" time="15.911" errors="0" timestamp="09 Feb 2022 22:17:28 GMT" skipped="0">
  <testcase classname="SeleniumBasics.Webelement" name="WebElementLogin" time="15.911"/>
</testsuite> <!-- SeleniumBasics.Webelement -->
